<?xml version="1.0" encoding="UTF-8"?>
<!-- Generated by org.testng.reporters.JUnitXMLReporter -->
<testsuite hostname="DESKTOP-9B2566O" ignored="0" tests="17" failures="17" timestamp="2020-03-28T23:19:58 IST" time="0.173" errors="0">
  <testcase name="tc_01" time="0.009" classname="Amezon_Test">
    <failure type="java.lang.Error" message="Unresolved compilation problem: 
	Cannot switch on a value of type String for source level below 1.7. Only convertible int values or enum variables are permitted
">
      <![CDATA[java.lang.Error: Unresolved compilation problem: 
Cannot switch on a value of type String for source level below 1.7. Only convertible int values or enum variables are permitted

at Keyword.Keyword.openBrowser(Keyword.java:44)
at Amezon_Test.tc_01(Amezon_Test.java:18)
at java.util.ArrayList.forEach(Unknown Source)
... Removed 37 stack frames]]>
    </failure>
  </testcase> <!-- tc_01 -->
  <testcase name="tc_02" time="0.006" classname="Amezon_Test">
    <failure type="java.lang.NullPointerException">
      <![CDATA[java.lang.NullPointerException
at Keyword.Keyword.openURL(Keyword.java:60)
at Amezon_Test.tc_02(Amezon_Test.java:23)
at java.util.ArrayList.forEach(Unknown Source)
... Removed 37 stack frames]]>
    </failure>
  </testcase> <!-- tc_02 -->
  <testcase name="tc_03" time="0.0" classname="Amezon_Test">
    <failure type="java.lang.Error" message="Unresolved compilation problem: 
	Cannot switch on a value of type String for source level below 1.7. Only convertible int values or enum variables are permitted
">
      <![CDATA[java.lang.Error: Unresolved compilation problem: 
Cannot switch on a value of type String for source level below 1.7. Only convertible int values or enum variables are permitted

at Keyword.Keyword.getWebElement(Keyword.java:18)
at Keyword.Keyword.clickOnElement(Keyword.java:68)
at Amezon_Test.tc_03(Amezon_Test.java:31)
at java.util.ArrayList.forEach(Unknown Source)
... Removed 37 stack frames]]>
    </failure>
  </testcase> <!-- tc_03 -->
  <testcase name="tc_04" time="0.0" classname="Amezon_Test">
    <failure type="java.lang.NullPointerException">
      <![CDATA[java.lang.NullPointerException
at Amezon_Test.tc_04(Amezon_Test.java:35)
at java.util.ArrayList.forEach(Unknown Source)
... Removed 37 stack frames]]>
    </failure>
  </testcase> <!-- tc_04 -->
  <testcase name="tc_05" time="0.001" classname="Amezon_Test">
    <failure type="java.lang.NullPointerException">
      <![CDATA[java.lang.NullPointerException
at Amezon_Test.tc_05(Amezon_Test.java:46)
at java.util.ArrayList.forEach(Unknown Source)
... Removed 37 stack frames]]>
    </failure>
  </testcase> <!-- tc_05 -->
  <testcase name="tc_06" time="0.0" classname="Amezon_Test">
    <failure type="java.lang.NullPointerException">
      <![CDATA[java.lang.NullPointerException
at Amezon_Test.tc_06(Amezon_Test.java:57)
at java.util.ArrayList.forEach(Unknown Source)
... Removed 37 stack frames]]>
    </failure>
  </testcase> <!-- tc_06 -->
  <testcase name="tc_07" time="0.0" classname="Amezon_Test">
    <failure type="java.lang.NullPointerException">
      <![CDATA[java.lang.NullPointerException
at Amezon_Test.tc_07(Amezon_Test.java:68)
at java.util.ArrayList.forEach(Unknown Source)
... Removed 37 stack frames]]>
    </failure>
  </testcase> <!-- tc_07 -->
  <testcase name="tc_09" time="0.001" classname="Amezon_Test">
    <failure type="java.lang.NullPointerException">
      <![CDATA[java.lang.NullPointerException
at Amezon_Test.tc_09(Amezon_Test.java:80)
at java.util.ArrayList.forEach(Unknown Source)
... Removed 37 stack frames]]>
    </failure>
  </testcase> <!-- tc_09 -->
  <testcase name="tc_10" time="0.001" classname="Amezon_Test">
    <failure type="java.lang.NullPointerException">
      <![CDATA[java.lang.NullPointerException
at Amezon_Test.tc_10(Amezon_Test.java:91)
at java.util.ArrayList.forEach(Unknown Source)
... Removed 37 stack frames]]>
    </failure>
  </testcase> <!-- tc_10 -->
  <testcase name="tc_11" time="0.0" classname="Amezon_Test">
    <failure type="java.lang.NullPointerException">
      <![CDATA[java.lang.NullPointerException
at Amezon_Test.tc_11(Amezon_Test.java:104)
at java.util.ArrayList.forEach(Unknown Source)
... Removed 37 stack frames]]>
    </failure>
  </testcase> <!-- tc_11 -->
  <testcase name="tc_01" time="0.001" classname="Test_Cses_EMI">
    <failure type="java.lang.Error" message="Unresolved compilation problem: 
	Cannot switch on a value of type String for source level below 1.7. Only convertible int values or enum variables are permitted
">
      <![CDATA[java.lang.Error: Unresolved compilation problem: 
Cannot switch on a value of type String for source level below 1.7. Only convertible int values or enum variables are permitted

at Keyword.Keyword.openBrowser(Keyword.java:44)
at Test_Cses_EMI.tc_01(Test_Cses_EMI.java:15)
at java.util.ArrayList.forEach(Unknown Source)
... Removed 37 stack frames]]>
    </failure>
  </testcase> <!-- tc_01 -->
  <testcase name="tc_02" time="0.0" classname="Test_Cses_EMI">
    <failure type="java.lang.NullPointerException">
      <![CDATA[java.lang.NullPointerException
at Keyword.Keyword.openURL(Keyword.java:60)
at Test_Cses_EMI.tc_02(Test_Cses_EMI.java:19)
at java.util.ArrayList.forEach(Unknown Source)
... Removed 37 stack frames]]>
    </failure>
  </testcase> <!-- tc_02 -->
  <testcase name="tc_03" time="0.0" classname="Test_Cses_EMI">
    <failure type="java.lang.Error" message="Unresolved compilation problem: 
	Cannot switch on a value of type String for source level below 1.7. Only convertible int values or enum variables are permitted
">
      <![CDATA[java.lang.Error: Unresolved compilation problem: 
Cannot switch on a value of type String for source level below 1.7. Only convertible int values or enum variables are permitted

at Keyword.Keyword.getWebElement(Keyword.java:18)
at Keyword.Keyword.clickOnElement(Keyword.java:68)
at Test_Cses_EMI.tc_03(Test_Cses_EMI.java:23)
at java.util.ArrayList.forEach(Unknown Source)
... Removed 37 stack frames]]>
    </failure>
  </testcase> <!-- tc_03 -->
  <testcase name="tc_4" time="0.001" classname="Test_Cses_EMI">
    <failure type="java.lang.NullPointerException">
      <![CDATA[java.lang.NullPointerException
at Test_Cses_EMI.tc_4(Test_Cses_EMI.java:27)
at java.util.ArrayList.forEach(Unknown Source)
... Removed 37 stack frames]]>
    </failure>
  </testcase> <!-- tc_4 -->
  <testcase name="tc_5" time="0.001" classname="Test_Cses_EMI">
    <failure type="java.lang.NullPointerException">
      <![CDATA[java.lang.NullPointerException
at Test_Cses_EMI.tc_5(Test_Cses_EMI.java:39)
at java.util.ArrayList.forEach(Unknown Source)
... Removed 37 stack frames]]>
    </failure>
  </testcase> <!-- tc_5 -->
  <testcase name="tc_6" time="0.0" classname="Test_Cses_EMI">
    <failure type="java.lang.NullPointerException">
      <![CDATA[java.lang.NullPointerException
at Test_Cses_EMI.tc_6(Test_Cses_EMI.java:54)
at java.util.ArrayList.forEach(Unknown Source)
... Removed 37 stack frames]]>
    </failure>
  </testcase> <!-- tc_6 -->
  <testcase name="tc_7" time="0.0" classname="Test_Cses_EMI">
    <failure type="java.lang.NullPointerException">
      <![CDATA[java.lang.NullPointerException
at Test_Cses_EMI.tc_7(Test_Cses_EMI.java:67)
at java.util.ArrayList.forEach(Unknown Source)
... Removed 37 stack frames]]>
    </failure>
  </testcase> <!-- tc_7 -->
</testsuite>
