<?xml version="1.0" encoding="UTF-8" ?>
<testsuite tests="17" failures="17" name="TestSuite" time="0.059" errors="0" skipped="0">
  <properties>
[...]
</properties>
  <testcase classname="Amezon_Test" name="tc_01" time="0.03">
    <failure message="Unresolved compilation problem: 
	Cannot switch on a value of type String for source level below 1.7. Only convertible int values or enum variables are permitted
" type="java.lang.Error">java.lang.Error: Unresolved compilation problem: 
	Cannot switch on a value of type String for source level below 1.7. Only convertible int values or enum variables are permitted

	at Keyword.Keyword.openBrowser(Keyword.java:44)
	at Amezon_Test.tc_01(Amezon_Test.java:18)
</failure>
    <system-out>Configuring TestNG with: org.apache.maven.surefire.testng.conf.TestNG652Configurator@2a18f23c
</system-out>
  </testcase>
  <testcase classname="Amezon_Test" name="tc_02" time="0.004">
    <failure type="java.lang.NullPointerException">java.lang.NullPointerException
	at Keyword.Keyword.openURL(Keyword.java:60)
	at Amezon_Test.tc_02(Amezon_Test.java:23)
</failure>
  </testcase>
  <testcase classname="Amezon_Test" name="tc_03" time="0.002">
    <failure message="Unresolved compilation problem: 
	Cannot switch on a value of type String for source level below 1.7. Only convertible int values or enum variables are permitted
" type="java.lang.Error">java.lang.Error: Unresolved compilation problem: 
	Cannot switch on a value of type String for source level below 1.7. Only convertible int values or enum variables are permitted

	at Keyword.Keyword.getWebElement(Keyword.java:18)
	at Keyword.Keyword.clickOnElement(Keyword.java:68)
	at Amezon_Test.tc_03(Amezon_Test.java:31)
</failure>
  </testcase>
  <testcase classname="Amezon_Test" name="tc_04" time="0.004">
    <failure type="java.lang.NullPointerException">java.lang.NullPointerException
	at Amezon_Test.tc_04(Amezon_Test.java:35)
</failure>
  </testcase>
  <testcase classname="Amezon_Test" name="tc_05" time="0">
    <failure type="java.lang.NullPointerException">java.lang.NullPointerException
	at Amezon_Test.tc_05(Amezon_Test.java:46)
</failure>
  </testcase>
  <testcase classname="Amezon_Test" name="tc_06" time="0.001">
    <failure type="java.lang.NullPointerException">java.lang.NullPointerException
	at Amezon_Test.tc_06(Amezon_Test.java:57)
</failure>
  </testcase>
  <testcase classname="Amezon_Test" name="tc_07" time="0.004">
    <failure type="java.lang.NullPointerException">java.lang.NullPointerException
	at Amezon_Test.tc_07(Amezon_Test.java:68)
</failure>
  </testcase>
  <testcase classname="Amezon_Test" name="tc_09" time="0.001">
    <failure type="java.lang.NullPointerException">java.lang.NullPointerException
	at Amezon_Test.tc_09(Amezon_Test.java:80)
</failure>
  </testcase>
  <testcase classname="Amezon_Test" name="tc_10" time="0.001">
    <failure type="java.lang.NullPointerException">java.lang.NullPointerException
	at Amezon_Test.tc_10(Amezon_Test.java:91)
</failure>
  </testcase>
  <testcase classname="Amezon_Test" name="tc_11" time="0.004">
    <failure type="java.lang.NullPointerException">java.lang.NullPointerException
	at Amezon_Test.tc_11(Amezon_Test.java:104)
</failure>
  </testcase>
  <testcase classname="Test_Cses_EMI" name="tc_01" time="0.001">
    <failure message="Unresolved compilation problem: 
	Cannot switch on a value of type String for source level below 1.7. Only convertible int values or enum variables are permitted
" type="java.lang.Error">java.lang.Error: Unresolved compilation problem: 
	Cannot switch on a value of type String for source level below 1.7. Only convertible int values or enum variables are permitted

	at Keyword.Keyword.openBrowser(Keyword.java:44)
	at Test_Cses_EMI.tc_01(Test_Cses_EMI.java:15)
</failure>
  </testcase>
  <testcase classname="Test_Cses_EMI" name="tc_02" time="0.001">
    <failure type="java.lang.NullPointerException">java.lang.NullPointerException
	at Keyword.Keyword.openURL(Keyword.java:60)
	at Test_Cses_EMI.tc_02(Test_Cses_EMI.java:19)
</failure>
  </testcase>
  <testcase classname="Test_Cses_EMI" name="tc_03" time="0.001">
    <failure message="Unresolved compilation problem: 
	Cannot switch on a value of type String for source level below 1.7. Only convertible int values or enum variables are permitted
" type="java.lang.Error">java.lang.Error: Unresolved compilation problem: 
	Cannot switch on a value of type String for source level below 1.7. Only convertible int values or enum variables are permitted

	at Keyword.Keyword.getWebElement(Keyword.java:18)
	at Keyword.Keyword.clickOnElement(Keyword.java:68)
	at Test_Cses_EMI.tc_03(Test_Cses_EMI.java:23)
</failure>
  </testcase>
  <testcase classname="Test_Cses_EMI" name="tc_4" time="0.002">
    <failure type="java.lang.NullPointerException">java.lang.NullPointerException
	at Test_Cses_EMI.tc_4(Test_Cses_EMI.java:27)
</failure>
  </testcase>
  <testcase classname="Test_Cses_EMI" name="tc_5" time="0.001">
    <failure type="java.lang.NullPointerException">java.lang.NullPointerException
	at Test_Cses_EMI.tc_5(Test_Cses_EMI.java:39)
</failure>
  </testcase>
  <testcase classname="Test_Cses_EMI" name="tc_6" time="0.001">
    <failure type="java.lang.NullPointerException">java.lang.NullPointerException
	at Test_Cses_EMI.tc_6(Test_Cses_EMI.java:54)
</failure>
  </testcase>
  <testcase classname="Test_Cses_EMI" name="tc_7" time="0.001">
    <failure type="java.lang.NullPointerException">java.lang.NullPointerException
	at Test_Cses_EMI.tc_7(Test_Cses_EMI.java:67)
</failure>
  </testcase>
</testsuite>