<?xml version="1.0" encoding="UTF-8"?>
<testng-results skipped="0" failed="1" ignored="0" total="10" passed="9">
  <reporter-output>
  </reporter-output>
  <suite name="Default suite" duration-ms="69546" started-at="2020-03-26T22:17:28 IST" finished-at="2020-03-26T22:18:38 IST">
    <groups>
    </groups>
    <test name="Default test" duration-ms="69546" started-at="2020-03-26T22:17:28 IST" finished-at="2020-03-26T22:18:38 IST">
      <class name="Amezon_Test">
        <test-method status="PASS" signature="tc_01()[pri:0, instance:Amezon_Test@57e1b0c]" name="tc_01" duration-ms="5884" started-at="2020-03-26T22:17:28 IST" finished-at="2020-03-26T22:17:34 IST">
          <reporter-output>
          </reporter-output>
        </test-method> <!-- tc_01 -->
        <test-method status="PASS" signature="tc_02()[pri:0, instance:Amezon_Test@57e1b0c]" name="tc_02" duration-ms="14069" started-at="2020-03-26T22:17:34 IST" finished-at="2020-03-26T22:17:48 IST">
          <reporter-output>
          </reporter-output>
        </test-method> <!-- tc_02 -->
        <test-method status="PASS" signature="tc_03()[pri:0, instance:Amezon_Test@57e1b0c]" name="tc_03" duration-ms="5821" started-at="2020-03-26T22:17:48 IST" finished-at="2020-03-26T22:17:54 IST">
          <reporter-output>
          </reporter-output>
        </test-method> <!-- tc_03 -->
        <test-method status="PASS" signature="tc_04()[pri:0, instance:Amezon_Test@57e1b0c]" name="tc_04" duration-ms="7650" started-at="2020-03-26T22:17:54 IST" finished-at="2020-03-26T22:18:02 IST">
          <reporter-output>
          </reporter-output>
        </test-method> <!-- tc_04 -->
        <test-method status="PASS" signature="tc_05()[pri:0, instance:Amezon_Test@57e1b0c]" name="tc_05" duration-ms="3054" started-at="2020-03-26T22:18:02 IST" finished-at="2020-03-26T22:18:05 IST">
          <reporter-output>
          </reporter-output>
        </test-method> <!-- tc_05 -->
        <test-method status="PASS" signature="tc_06()[pri:0, instance:Amezon_Test@57e1b0c]" name="tc_06" duration-ms="2224" started-at="2020-03-26T22:18:05 IST" finished-at="2020-03-26T22:18:07 IST">
          <reporter-output>
          </reporter-output>
        </test-method> <!-- tc_06 -->
        <test-method status="PASS" signature="tc_07()[pri:0, instance:Amezon_Test@57e1b0c]" name="tc_07" duration-ms="2316" started-at="2020-03-26T22:18:07 IST" finished-at="2020-03-26T22:18:09 IST">
          <reporter-output>
          </reporter-output>
        </test-method> <!-- tc_07 -->
        <test-method status="PASS" signature="tc_09()[pri:0, instance:Amezon_Test@57e1b0c]" name="tc_09" duration-ms="2517" started-at="2020-03-26T22:18:09 IST" finished-at="2020-03-26T22:18:12 IST">
          <reporter-output>
          </reporter-output>
        </test-method> <!-- tc_09 -->
        <test-method status="PASS" signature="tc_10()[pri:0, instance:Amezon_Test@57e1b0c]" name="tc_10" duration-ms="5803" started-at="2020-03-26T22:18:12 IST" finished-at="2020-03-26T22:18:18 IST">
          <reporter-output>
          </reporter-output>
        </test-method> <!-- tc_10 -->
        <test-method status="FAIL" signature="tc_11()[pri:0, instance:Amezon_Test@57e1b0c]" name="tc_11" duration-ms="20075" started-at="2020-03-26T22:18:18 IST" finished-at="2020-03-26T22:18:38 IST">
          <exception class="org.openqa.selenium.InvalidSelectorException">
            <message>
              <![CDATA[invalid selector: Unable to locate an element with the xpath expression //div[@class='a-section auth-pagelet-container']/descendant::h4[1]] because of the following error:
SyntaxError: Failed to execute 'evaluate' on 'Document': The string '//div[@class='a-section auth-pagelet-container']/descendant::h4[1]]' is not a valid XPath expression.
  (Session info: chrome=80.0.3987.149)
For documentation on this error, please visit: https://selenium.dev/exceptions/#invalid_selector_exception
Build info: version: '4.0.0-alpha-4', revision: 'c2d955b49e'
System info: host: 'DESKTOP-9B2566O', ip: '192.168.225.51', os.name: 'Windows 10', os.arch: 'amd64', os.version: '10.0', java.version: '1.8.0_151'
Driver info: org.openqa.selenium.chrome.ChromeDriver
Capabilities {acceptInsecureCerts: false, browserName: chrome, browserVersion: 80.0.3987.149, chrome: {chromedriverVersion: 80.0.3987.106 (f68069574609..., userDataDir: C:\Users\HP\AppData\Local\T...}, goog:chromeOptions: {debuggerAddress: localhost:58197}, javascriptEnabled: true, networkConnectionEnabled: false, pageLoadStrategy: normal, platform: WINDOWS, platformName: WINDOWS, proxy: Proxy(), setWindowRect: true, strictFileInteractability: false, timeouts: {implicit: 0, pageLoad: 300000, script: 30000}, unhandledPromptBehavior: dismiss and notify}
Session ID: 8f1db355aec19c22fb3007a4a3608cfa
*** Element info: {Using=xpath, value=//div[@class='a-section auth-pagelet-container']/descendant::h4[1]]}]]>
            </message>
            <full-stacktrace>
              <![CDATA[org.openqa.selenium.InvalidSelectorException: invalid selector: Unable to locate an element with the xpath expression //div[@class='a-section auth-pagelet-container']/descendant::h4[1]] because of the following error:
SyntaxError: Failed to execute 'evaluate' on 'Document': The string '//div[@class='a-section auth-pagelet-container']/descendant::h4[1]]' is not a valid XPath expression.
  (Session info: chrome=80.0.3987.149)
For documentation on this error, please visit: https://selenium.dev/exceptions/#invalid_selector_exception
Build info: version: '4.0.0-alpha-4', revision: 'c2d955b49e'
System info: host: 'DESKTOP-9B2566O', ip: '192.168.225.51', os.name: 'Windows 10', os.arch: 'amd64', os.version: '10.0', java.version: '1.8.0_151'
Driver info: org.openqa.selenium.chrome.ChromeDriver
Capabilities {acceptInsecureCerts: false, browserName: chrome, browserVersion: 80.0.3987.149, chrome: {chromedriverVersion: 80.0.3987.106 (f68069574609..., userDataDir: C:\Users\HP\AppData\Local\T...}, goog:chromeOptions: {debuggerAddress: localhost:58197}, javascriptEnabled: true, networkConnectionEnabled: false, pageLoadStrategy: normal, platform: WINDOWS, platformName: WINDOWS, proxy: Proxy(), setWindowRect: true, strictFileInteractability: false, timeouts: {implicit: 0, pageLoad: 300000, script: 30000}, unhandledPromptBehavior: dismiss and notify}
Session ID: 8f1db355aec19c22fb3007a4a3608cfa
*** Element info: {Using=xpath, value=//div[@class='a-section auth-pagelet-container']/descendant::h4[1]]}
at sun.reflect.NativeConstructorAccessorImpl.newInstance0(Native Method)
at sun.reflect.NativeConstructorAccessorImpl.newInstance(Unknown Source)
at sun.reflect.DelegatingConstructorAccessorImpl.newInstance(Unknown Source)
at java.lang.reflect.Constructor.newInstance(Unknown Source)
at org.openqa.selenium.remote.codec.w3c.W3CHttpResponseCodec.createException(W3CHttpResponseCodec.java:196)
at org.openqa.selenium.remote.codec.w3c.W3CHttpResponseCodec.decode(W3CHttpResponseCodec.java:129)
at org.openqa.selenium.remote.codec.w3c.W3CHttpResponseCodec.decode(W3CHttpResponseCodec.java:53)
at org.openqa.selenium.remote.HttpCommandExecutor.execute(HttpCommandExecutor.java:161)
at org.openqa.selenium.remote.service.DriverCommandExecutor.execute(DriverCommandExecutor.java:83)
at org.openqa.selenium.remote.RemoteWebDriver.execute(RemoteWebDriver.java:582)
at org.openqa.selenium.remote.RemoteWebDriver.findElement(RemoteWebDriver.java:333)
at org.openqa.selenium.remote.RemoteWebDriver.findElementByXPath(RemoteWebDriver.java:451)
at org.openqa.selenium.By$ByXPath.findElement(By.java:394)
at org.openqa.selenium.remote.RemoteWebDriver.findElement(RemoteWebDriver.java:325)
at Keyword.Keyword.getWebElement(Keyword.java:19)
at Amezon_Test.tc_11(Amezon_Test.java:99)
at sun.reflect.NativeMethodAccessorImpl.invoke0(Native Method)
at sun.reflect.NativeMethodAccessorImpl.invoke(Unknown Source)
at sun.reflect.DelegatingMethodAccessorImpl.invoke(Unknown Source)
at java.lang.reflect.Method.invoke(Unknown Source)
at org.testng.internal.MethodInvocationHelper.invokeMethod(MethodInvocationHelper.java:134)
at org.testng.internal.TestInvoker.invokeMethod(TestInvoker.java:597)
at org.testng.internal.TestInvoker.invokeTestMethod(TestInvoker.java:173)
at org.testng.internal.MethodRunner.runInSequence(MethodRunner.java:46)
at org.testng.internal.TestInvoker$MethodInvocationAgent.invoke(TestInvoker.java:816)
at org.testng.internal.TestInvoker.invokeTestMethods(TestInvoker.java:146)
at org.testng.internal.TestMethodWorker.invokeTestMethods(TestMethodWorker.java:146)
at org.testng.internal.TestMethodWorker.run(TestMethodWorker.java:128)
at java.util.ArrayList.forEach(Unknown Source)
at org.testng.TestRunner.privateRun(TestRunner.java:766)
at org.testng.TestRunner.run(TestRunner.java:587)
at org.testng.SuiteRunner.runTest(SuiteRunner.java:384)
at org.testng.SuiteRunner.runSequentially(SuiteRunner.java:378)
at org.testng.SuiteRunner.privateRun(SuiteRunner.java:337)
at org.testng.SuiteRunner.run(SuiteRunner.java:286)
at org.testng.SuiteRunnerWorker.runSuite(SuiteRunnerWorker.java:53)
at org.testng.SuiteRunnerWorker.run(SuiteRunnerWorker.java:96)
at org.testng.TestNG.runSuitesSequentially(TestNG.java:1187)
at org.testng.TestNG.runSuitesLocally(TestNG.java:1109)
at org.testng.TestNG.runSuites(TestNG.java:1039)
at org.testng.TestNG.run(TestNG.java:1007)
at org.testng.remote.AbstractRemoteTestNG.run(AbstractRemoteTestNG.java:115)
at org.testng.remote.RemoteTestNG.initAndRun(RemoteTestNG.java:251)
at org.testng.remote.RemoteTestNG.main(RemoteTestNG.java:77)
]]>
            </full-stacktrace>
          </exception> <!-- org.openqa.selenium.InvalidSelectorException -->
          <reporter-output>
          </reporter-output>
        </test-method> <!-- tc_11 -->
      </class> <!-- Amezon_Test -->
    </test> <!-- Default test -->
  </suite> <!-- Default suite -->
</testng-results>
