<?xml version="1.0" encoding="UTF-8"?>
<testng-results skipped="0" failed="0" ignored="0" total="8" passed="8">
  <reporter-output>
  </reporter-output>
  <suite name="Default suite" duration-ms="86176" started-at="2020-04-04T14:30:58 IST" finished-at="2020-04-04T14:32:25 IST">
    <groups>
    </groups>
    <test name="Default test" duration-ms="86176" started-at="2020-04-04T14:30:58 IST" finished-at="2020-04-04T14:32:25 IST">
      <class name="Test_Cses_EMI">
        <test-method status="PASS" signature="tc_01()[pri:0, instance:Test_Cses_EMI@69a3d1d]" name="tc_01" duration-ms="6266" started-at="2020-04-04T14:30:58 IST" finished-at="2020-04-04T14:31:05 IST">
          <reporter-output>
          </reporter-output>
        </test-method> <!-- tc_01 -->
        <test-method status="PASS" signature="tc_02()[pri:0, instance:Test_Cses_EMI@69a3d1d]" name="tc_02" duration-ms="6672" started-at="2020-04-04T14:31:05 IST" finished-at="2020-04-04T14:31:11 IST">
          <reporter-output>
          </reporter-output>
        </test-method> <!-- tc_02 -->
        <test-method status="PASS" signature="tc_03()[pri:0, instance:Test_Cses_EMI@69a3d1d]" name="tc_03" duration-ms="3701" started-at="2020-04-04T14:31:11 IST" finished-at="2020-04-04T14:31:15 IST">
          <reporter-output>
          </reporter-output>
        </test-method> <!-- tc_03 -->
        <test-method status="PASS" signature="tc_4()[pri:0, instance:Test_Cses_EMI@69a3d1d]" name="tc_4" duration-ms="5821" started-at="2020-04-04T14:31:15 IST" finished-at="2020-04-04T14:31:21 IST">
          <reporter-output>
          </reporter-output>
        </test-method> <!-- tc_4 -->
        <test-method status="PASS" signature="tc_5()[pri:0, instance:Test_Cses_EMI@69a3d1d]" name="tc_5" duration-ms="353" started-at="2020-04-04T14:31:21 IST" finished-at="2020-04-04T14:31:21 IST">
          <reporter-output>
          </reporter-output>
        </test-method> <!-- tc_5 -->
        <test-method status="PASS" signature="tc_6()[pri:0, instance:Test_Cses_EMI@69a3d1d]" name="tc_6" duration-ms="2447" started-at="2020-04-04T14:31:21 IST" finished-at="2020-04-04T14:31:24 IST">
          <reporter-output>
          </reporter-output>
        </test-method> <!-- tc_6 -->
        <test-method status="PASS" signature="tc_7()[pri:0, instance:Test_Cses_EMI@69a3d1d]" name="tc_7" duration-ms="40298" started-at="2020-04-04T14:31:24 IST" finished-at="2020-04-04T14:32:04 IST">
          <reporter-output>
          </reporter-output>
        </test-method> <!-- tc_7 -->
        <test-method status="PASS" signature="tc_8()[pri:0, instance:Test_Cses_EMI@69a3d1d]" name="tc_8" duration-ms="20513" started-at="2020-04-04T14:32:04 IST" finished-at="2020-04-04T14:32:25 IST">
          <reporter-output>
          </reporter-output>
        </test-method> <!-- tc_8 -->
      </class> <!-- Test_Cses_EMI -->
    </test> <!-- Default test -->
  </suite> <!-- Default suite -->
</testng-results>
